@!@!@STARTMSG 2262:0 @!@!@
TLC2 Version 2.16 of 31 December 2020 (rev: cdddf55)
@!@!@ENDMSG 2262 @!@!@
@!@!@STARTMSG 2187:0 @!@!@
Running breadth-first search Model-Checking with fp 118 and seed -1728329609891305842 with 2 workers on 4 cores with 608MB heap and 1365MB offheap memory [pid: 42846] (Mac OS X 10.15.7 x86_64, AdoptOpenJDK 14.0.1 x86_64, OffHeapDiskFPSet, DiskStateQueue).
@!@!@ENDMSG 2187 @!@!@
@!@!@STARTMSG 2220:0 @!@!@
Starting SANY...
@!@!@ENDMSG 2220 @!@!@
Parsing file /Users/ilyabarishnikov/Desktop/tla/move-op-frostfs/CRDT.toolbox/Model_1/MC.tla
Parsing file /Users/ilyabarishnikov/Desktop/tla/move-op-frostfs/CRDT.toolbox/Model_1/CRDT.tla
Parsing file /private/var/folders/d7/92c0lmq56s99z02xqf98b9qc0000gn/T/AppTranslocation/40A666B1-8B79-4CAE-8EB3-5EE1614024B1/d/TLA+ Toolbox.app/Contents/Eclipse/plugins/org.lamport.tlatools_1.0.0.202012311918/tla2sany/StandardModules/TLC.tla
Parsing file /private/var/folders/d7/92c0lmq56s99z02xqf98b9qc0000gn/T/AppTranslocation/40A666B1-8B79-4CAE-8EB3-5EE1614024B1/d/TLA+ Toolbox.app/Contents/Eclipse/plugins/org.lamport.tlatools_1.0.0.202012311918/tla2sany/StandardModules/Naturals.tla
Parsing file /private/var/folders/d7/92c0lmq56s99z02xqf98b9qc0000gn/T/AppTranslocation/40A666B1-8B79-4CAE-8EB3-5EE1614024B1/d/TLA+ Toolbox.app/Contents/Eclipse/plugins/org.lamport.tlatools_1.0.0.202012311918/tla2sany/StandardModules/Sequences.tla
Parsing file /private/var/folders/d7/92c0lmq56s99z02xqf98b9qc0000gn/T/AppTranslocation/40A666B1-8B79-4CAE-8EB3-5EE1614024B1/d/TLA+ Toolbox.app/Contents/Eclipse/plugins/org.lamport.tlatools_1.0.0.202012311918/tla2sany/StandardModules/FiniteSets.tla
Semantic processing of module Naturals
Semantic processing of module Sequences
Semantic processing of module FiniteSets
Semantic processing of module CRDT
Semantic processing of module TLC
Semantic processing of module MC
@!@!@STARTMSG 2219:0 @!@!@
SANY finished.
@!@!@ENDMSG 2219 @!@!@
@!@!@STARTMSG 2185:0 @!@!@
Starting... (2023-07-27 22:51:37)
@!@!@ENDMSG 2185 @!@!@
@!@!@STARTMSG 2284:3 @!@!@
Declaring state or action constraints during liveness checking is dangerous: Please read section 14.3.5 on page 247 of Specifying Systems (https://lamport.azurewebsites.net/tla/book.html) and optionally the discussion at https://discuss.tlapl.us/msg00994.html for more details.
@!@!@ENDMSG 2284 @!@!@
@!@!@STARTMSG 2212:0 @!@!@
Implied-temporal checking--satisfiability problem has 12 branches.
@!@!@ENDMSG 2212 @!@!@
@!@!@STARTMSG 2189:0 @!@!@
Computing initial states...
@!@!@ENDMSG 2189 @!@!@
@!@!@STARTMSG 2190:0 @!@!@
Finished computing initial states: 1 distinct state generated at 2023-07-27 22:51:43.
@!@!@ENDMSG 2190 @!@!@
@!@!@STARTMSG 2111:1 @!@!@
Evaluating invariant InvTwoMoveTime failed.
Attempted to select nonexistent field "log" from the record
[log_time |-> 1, old_parent |-> Null, new_parent |-> RootNode, log_meta |-> 1, log_child |-> 1]
line 362, col 34 to line 362, col 41 of module CRDT
@!@!@ENDMSG 2111 @!@!@
@!@!@STARTMSG 2121:1 @!@!@
The behavior up to this point is:
@!@!@ENDMSG 2121 @!@!@
@!@!@STARTMSG 2217:4 @!@!@
1: <Initial predicate>
/\ logMove = <<<<>>, <<>>>>
/\ treeSet = <<{}, {}>>
/\ queue = <<<<>>, <<>>>>

@!@!@ENDMSG 2217 @!@!@
@!@!@STARTMSG 2217:4 @!@!@
2: <Next line 252, col 12 to line 252, col 61 of module CRDT>
/\ logMove = <<<<[log_time |-> 1, old_parent |-> Null, new_parent |-> RootNode, log_meta |-> 1, log_child |-> 1]>>, <<>>>>
/\ treeSet = <<{[parent |-> RootNode, meta |-> 1, child |-> 1]}, {}>>
/\ queue = <<<<>>, <<[move_time |-> 1, move_parent |-> RootNode, move_meta |-> 1, move_child |-> 1]>>>>

@!@!@ENDMSG 2217 @!@!@
@!@!@STARTMSG 2217:4 @!@!@
3: <Next line 252, col 12 to line 252, col 61 of module CRDT>
/\ logMove = <<<<[log_time |-> 3, old_parent |-> Null, new_parent |-> RootNode, log_meta |-> 1, log_child |-> 3], [log_time |-> 1, old_parent |-> Null, new_parent |-> RootNode, log_meta |-> 1, log_child |-> 1]>>, <<>>>>
/\ treeSet = << { [parent |-> RootNode, meta |-> 1, child |-> 1],
     [parent |-> RootNode, meta |-> 1, child |-> 3] },
   {} >>
/\ queue = <<<<>>, <<[move_time |-> 1, move_parent |-> RootNode, move_meta |-> 1, move_child |-> 1], [move_time |-> 3, move_parent |-> RootNode, move_meta |-> 1, move_child |-> 3]>>>>

@!@!@ENDMSG 2217 @!@!@
@!@!@STARTMSG 2103:1 @!@!@
The error occurred when TLC was evaluating the nested
expressions at the following positions:
0. Line 360, column 3 to line 362, column 46 in CRDT
1. Line 361, column 3 to line 362, column 46 in CRDT
2. Line 362, column 3 to line 362, column 46 in CRDT
3. Line 362, column 18 to line 362, column 46 in CRDT
4. Line 362, column 34 to line 362, column 46 in CRDT
5. Line 362, column 34 to line 362, column 41 in CRDT


@!@!@ENDMSG 2103 @!@!@
@!@!@STARTMSG 2201:0 @!@!@
The coverage statistics at 2023-07-27 22:51:43
@!@!@ENDMSG 2201 @!@!@
@!@!@STARTMSG 2773:0 @!@!@
<Init line 234, col 1 to line 234, col 4 of module CRDT>: 2:2
@!@!@ENDMSG 2773 @!@!@
@!@!@STARTMSG 2221:0 @!@!@
  line 234, col 9 to line 236, col 48 of module CRDT: 2
@!@!@ENDMSG 2221 @!@!@
@!@!@STARTMSG 2772:0 @!@!@
<TryApply line 221, col 1 to line 221, col 14 of module CRDT>: 0:0
@!@!@ENDMSG 2772 @!@!@
@!@!@STARTMSG 2221:0 @!@!@
  line 222, col 6 to line 222, col 23 of module CRDT: 2
@!@!@ENDMSG 2221 @!@!@
@!@!@STARTMSG 2221:0 @!@!@
  line 226, col 12 to line 226, col 54 of module CRDT: 0
@!@!@ENDMSG 2221 @!@!@
@!@!@STARTMSG 2221:0 @!@!@
  line 227, col 12 to line 227, col 55 of module CRDT: 0
@!@!@ENDMSG 2221 @!@!@
@!@!@STARTMSG 2221:0 @!@!@
  line 228, col 12 to line 228, col 55 of module CRDT: 0
@!@!@ENDMSG 2221 @!@!@
@!@!@STARTMSG 2772:0 @!@!@
<Terminating line 241, col 1 to line 241, col 11 of module CRDT>: 0:0
@!@!@ENDMSG 2772 @!@!@
@!@!@STARTMSG 2221:0 @!@!@
  line 242, col 6 to line 242, col 78 of module CRDT: 5
@!@!@ENDMSG 2221 @!@!@
@!@!@STARTMSG 2221:0 @!@!@
  line 245, col 6 to line 245, col 19 of module CRDT: 0
@!@!@ENDMSG 2221 @!@!@
@!@!@STARTMSG 2772:0 @!@!@
<Next line 249, col 1 to line 249, col 4 of module CRDT (252 12 252 61)>: 4:12
@!@!@ENDMSG 2772 @!@!@
@!@!@STARTMSG 2221:0 @!@!@
  line 252, col 12 to line 252, col 40 of module CRDT: 5
@!@!@ENDMSG 2221 @!@!@
@!@!@STARTMSG 2221:0 @!@!@
  |line 252, col 12 to line 252, col 29 of module CRDT: 6
@!@!@ENDMSG 2221 @!@!@
@!@!@STARTMSG 2221:0 @!@!@
  |line 252, col 33 to line 252, col 40 of module CRDT: 6
@!@!@ENDMSG 2221 @!@!@
@!@!@STARTMSG 2221:0 @!@!@
  line 176, col 6 to line 176, col 30 of module CRDT: 20
@!@!@ENDMSG 2221 @!@!@
@!@!@STARTMSG 2221:0 @!@!@
  line 177, col 11 to line 177, col 31 of module CRDT: 20
@!@!@ENDMSG 2221 @!@!@
@!@!@STARTMSG 2221:0 @!@!@
  |line 177, col 11 to line 177, col 19 of module CRDT: 13
@!@!@ENDMSG 2221 @!@!@
@!@!@STARTMSG 2221:0 @!@!@
  |line 177, col 23 to line 177, col 31 of module CRDT: 13
@!@!@ENDMSG 2221 @!@!@
@!@!@STARTMSG 2221:0 @!@!@
  line 163, col 9 to line 163, col 81 of module CRDT: 7
@!@!@ENDMSG 2221 @!@!@
@!@!@STARTMSG 2221:0 @!@!@
  |line 163, col 20 to line 163, col 81 of module CRDT: 8
@!@!@ENDMSG 2221 @!@!@
@!@!@STARTMSG 2221:0 @!@!@
  line 164, col 9 to line 164, col 92 of module CRDT: 7
@!@!@ENDMSG 2221 @!@!@
@!@!@STARTMSG 2775:0 @!@!@
  |line 164, col 20 to line 164, col 92 of module CRDT: 8:16
@!@!@ENDMSG 2775 @!@!@
@!@!@STARTMSG 2221:0 @!@!@
  line 165, col 9 to line 165, col 58 of module CRDT: 7
@!@!@ENDMSG 2221 @!@!@
@!@!@STARTMSG 2221:0 @!@!@
  |line 165, col 20 to line 165, col 58 of module CRDT: 8
@!@!@ENDMSG 2221 @!@!@
@!@!@STARTMSG 2221:0 @!@!@
  line 178, col 20 to line 178, col 23 of module CRDT: 8
@!@!@ENDMSG 2221 @!@!@
@!@!@STARTMSG 2221:0 @!@!@
  line 178, col 26 to line 178, col 33 of module CRDT: 8
@!@!@ENDMSG 2221 @!@!@
@!@!@STARTMSG 2221:0 @!@!@
  line 178, col 36 to line 178, col 44 of module CRDT: 8
@!@!@ENDMSG 2221 @!@!@
@!@!@STARTMSG 2221:0 @!@!@
  line 178, col 47 to line 178, col 53 of module CRDT: 8
@!@!@ENDMSG 2221 @!@!@
@!@!@STARTMSG 2221:0 @!@!@
  line 178, col 56 to line 178, col 59 of module CRDT: 8
@!@!@ENDMSG 2221 @!@!@
@!@!@STARTMSG 2221:0 @!@!@
  line 178, col 62 to line 178, col 65 of module CRDT: 8
@!@!@ENDMSG 2221 @!@!@
@!@!@STARTMSG 2221:0 @!@!@
  line 181, col 14 to line 181, col 33 of module CRDT: 9
@!@!@ENDMSG 2221 @!@!@
@!@!@STARTMSG 2221:0 @!@!@
  |line 181, col 14 to line 181, col 21 of module CRDT: 7
@!@!@ENDMSG 2221 @!@!@
@!@!@STARTMSG 2221:0 @!@!@
  |line 181, col 25 to line 181, col 33 of module CRDT: 7
@!@!@ENDMSG 2221 @!@!@
@!@!@STARTMSG 2221:0 @!@!@
  line 182, col 14 to line 182, col 41 of module CRDT: 7
@!@!@ENDMSG 2221 @!@!@
@!@!@STARTMSG 2221:0 @!@!@
  |line 182, col 14 to line 182, col 29 of module CRDT: 5
@!@!@ENDMSG 2221 @!@!@
@!@!@STARTMSG 2221:0 @!@!@
  |line 182, col 33 to line 182, col 41 of module CRDT: 5
@!@!@ENDMSG 2221 @!@!@
@!@!@STARTMSG 2221:0 @!@!@
  line 183, col 15 to line 183, col 35 of module CRDT: 4
@!@!@ENDMSG 2221 @!@!@
@!@!@STARTMSG 2221:0 @!@!@
  |line 183, col 15 to line 183, col 23 of module CRDT: 2
@!@!@ENDMSG 2221 @!@!@
@!@!@STARTMSG 2221:0 @!@!@
  |line 183, col 27 to line 183, col 35 of module CRDT: 2
@!@!@ENDMSG 2221 @!@!@
@!@!@STARTMSG 2221:0 @!@!@
  line 183, col 40 to line 183, col 91 of module CRDT: 4
@!@!@ENDMSG 2221 @!@!@
@!@!@STARTMSG 2221:0 @!@!@
  |line 183, col 40 to line 183, col 83 of module CRDT: 2
@!@!@ENDMSG 2221 @!@!@
@!@!@STARTMSG 2221:0 @!@!@
  |line 183, col 87 to line 183, col 91 of module CRDT: 2
@!@!@ENDMSG 2221 @!@!@
@!@!@STARTMSG 2221:0 @!@!@
  line 184, col 14 to line 184, col 73 of module CRDT: 4
@!@!@ENDMSG 2221 @!@!@
@!@!@STARTMSG 2221:0 @!@!@
  line 173, col 20 to line 173, col 66 of module CRDT: 6
@!@!@ENDMSG 2221 @!@!@
@!@!@STARTMSG 2221:0 @!@!@
  line 174, col 21 to line 174, col 80 of module CRDT: 6
@!@!@ENDMSG 2221 @!@!@
@!@!@STARTMSG 2221:0 @!@!@
  line 175, col 18 to line 175, col 21 of module CRDT: 6
@!@!@ENDMSG 2221 @!@!@
@!@!@STARTMSG 2221:0 @!@!@
  line 252, col 56 to line 252, col 59 of module CRDT: 6
@!@!@ENDMSG 2221 @!@!@
@!@!@STARTMSG 2774:0 @!@!@
<TypeOK line 324, col 1 to line 324, col 6 of module CRDT>
@!@!@ENDMSG 2774 @!@!@
@!@!@STARTMSG 2221:0 @!@!@
  line 324, col 11 to line 326, col 47 of module CRDT: 5
@!@!@ENDMSG 2221 @!@!@
@!@!@STARTMSG 2774:0 @!@!@
<InvOneParent line 329, col 1 to line 329, col 12 of module CRDT>
@!@!@ENDMSG 2774 @!@!@
@!@!@STARTMSG 2221:0 @!@!@
  line 329, col 17 to line 331, col 74 of module CRDT: 5
@!@!@ENDMSG 2221 @!@!@
@!@!@STARTMSG 2221:0 @!@!@
  |line 330, col 14 to line 331, col 74 of module CRDT: 10
@!@!@ENDMSG 2221 @!@!@
@!@!@STARTMSG 2221:0 @!@!@
  ||line 331, col 14 to line 331, col 74 of module CRDT: 5
@!@!@ENDMSG 2221 @!@!@
@!@!@STARTMSG 2221:0 @!@!@
  |||line 331, col 14 to line 331, col 70 of module CRDT: 5
@!@!@ENDMSG 2221 @!@!@
@!@!@STARTMSG 2221:0 @!@!@
  ||||line 331, col 26 to line 331, col 69 of module CRDT: 5
@!@!@ENDMSG 2221 @!@!@
@!@!@STARTMSG 2221:0 @!@!@
  |||||line 331, col 51 to line 331, col 68 of module CRDT: 7
@!@!@ENDMSG 2221 @!@!@
@!@!@STARTMSG 2221:0 @!@!@
  |||||line 331, col 36 to line 331, col 48 of module CRDT: 5
@!@!@ENDMSG 2221 @!@!@
@!@!@STARTMSG 2775:0 @!@!@
  ||line 330, col 27 to line 330, col 62 of module CRDT: 10:15
@!@!@ENDMSG 2775 @!@!@
@!@!@STARTMSG 2221:0 @!@!@
  |||line 330, col 28 to line 330, col 37 of module CRDT: 5
@!@!@ENDMSG 2221 @!@!@
@!@!@STARTMSG 2221:0 @!@!@
  |||line 330, col 49 to line 330, col 61 of module CRDT: 10
@!@!@ENDMSG 2221 @!@!@
@!@!@STARTMSG 2221:0 @!@!@
  |line 329, col 29 to line 329, col 35 of module CRDT: 5
@!@!@ENDMSG 2221 @!@!@
@!@!@STARTMSG 2774:0 @!@!@
<InvTwoBeginnings line 334, col 1 to line 334, col 16 of module CRDT>
@!@!@ENDMSG 2774 @!@!@
@!@!@STARTMSG 2221:0 @!@!@
  line 335, col 3 to line 338, col 48 of module CRDT: 5
@!@!@ENDMSG 2221 @!@!@
@!@!@STARTMSG 2221:0 @!@!@
  |line 337, col 20 to line 337, col 61 of module CRDT: 10
@!@!@ENDMSG 2221 @!@!@
@!@!@STARTMSG 2221:0 @!@!@
  |line 336, col 20 to line 336, col 60 of module CRDT: 10
@!@!@ENDMSG 2221 @!@!@
@!@!@STARTMSG 2221:0 @!@!@
  |line 338, col 6 to line 338, col 48 of module CRDT: 10
@!@!@ENDMSG 2221 @!@!@
@!@!@STARTMSG 2221:0 @!@!@
  |line 335, col 15 to line 335, col 21 of module CRDT: 5
@!@!@ENDMSG 2221 @!@!@
@!@!@STARTMSG 2774:0 @!@!@
<InvTwoTangledTree line 341, col 1 to line 341, col 17 of module CRDT>
@!@!@ENDMSG 2774 @!@!@
@!@!@STARTMSG 2221:0 @!@!@
  line 342, col 3 to line 345, col 41 of module CRDT: 5
@!@!@ENDMSG 2221 @!@!@
@!@!@STARTMSG 2221:0 @!@!@
  |line 344, col 20 to line 344, col 61 of module CRDT: 10
@!@!@ENDMSG 2221 @!@!@
@!@!@STARTMSG 2221:0 @!@!@
  |line 343, col 20 to line 343, col 60 of module CRDT: 10
@!@!@ENDMSG 2221 @!@!@
@!@!@STARTMSG 2221:0 @!@!@
  |line 345, col 6 to line 345, col 41 of module CRDT: 10
@!@!@ENDMSG 2221 @!@!@
@!@!@STARTMSG 2221:0 @!@!@
  |line 342, col 15 to line 342, col 21 of module CRDT: 5
@!@!@ENDMSG 2221 @!@!@
@!@!@STARTMSG 2774:0 @!@!@
<InvEmprtyLogAndTree line 348, col 1 to line 348, col 19 of module CRDT>
@!@!@ENDMSG 2774 @!@!@
@!@!@STARTMSG 2221:0 @!@!@
  line 349, col 3 to line 350, col 45 of module CRDT: 5
@!@!@ENDMSG 2221 @!@!@
@!@!@STARTMSG 2221:0 @!@!@
  |line 350, col 3 to line 350, col 45 of module CRDT: 10
@!@!@ENDMSG 2221 @!@!@
@!@!@STARTMSG 2221:0 @!@!@
  |line 349, col 15 to line 349, col 21 of module CRDT: 5
@!@!@ENDMSG 2221 @!@!@
@!@!@STARTMSG 2774:0 @!@!@
<InvAcyclic line 353, col 1 to line 353, col 10 of module CRDT>
@!@!@ENDMSG 2774 @!@!@
@!@!@STARTMSG 2221:0 @!@!@
  line 354, col 3 to line 356, col 45 of module CRDT: 5
@!@!@ENDMSG 2221 @!@!@
@!@!@STARTMSG 2221:0 @!@!@
  |line 355, col 3 to line 356, col 45 of module CRDT: 10
@!@!@ENDMSG 2221 @!@!@
@!@!@STARTMSG 2221:0 @!@!@
  ||line 356, col 3 to line 356, col 45 of module CRDT: 5
@!@!@ENDMSG 2221 @!@!@
@!@!@STARTMSG 2221:0 @!@!@
  ||line 355, col 15 to line 355, col 37 of module CRDT: 10
@!@!@ENDMSG 2221 @!@!@
@!@!@STARTMSG 2221:0 @!@!@
  |line 354, col 15 to line 354, col 21 of module CRDT: 5
@!@!@ENDMSG 2221 @!@!@
@!@!@STARTMSG 2774:0 @!@!@
<InvTwoMoveTime line 359, col 1 to line 359, col 14 of module CRDT>
@!@!@ENDMSG 2774 @!@!@
@!@!@STARTMSG 2221:0 @!@!@
  line 360, col 3 to line 362, col 46 of module CRDT: 5
@!@!@ENDMSG 2221 @!@!@
@!@!@STARTMSG 2221:0 @!@!@
  |line 361, col 3 to line 362, col 46 of module CRDT: 8
@!@!@ENDMSG 2221 @!@!@
@!@!@STARTMSG 2221:0 @!@!@
  ||line 362, col 3 to line 362, col 46 of module CRDT: 6
@!@!@ENDMSG 2221 @!@!@
@!@!@STARTMSG 2221:0 @!@!@
  |||line 362, col 3 to line 362, col 13 of module CRDT: 6
@!@!@ENDMSG 2221 @!@!@
@!@!@STARTMSG 2221:0 @!@!@
  |||line 362, col 18 to line 362, col 46 of module CRDT: 2
@!@!@ENDMSG 2221 @!@!@
@!@!@STARTMSG 2221:0 @!@!@
  ||line 361, col 15 to line 361, col 34 of module CRDT: 8
@!@!@ENDMSG 2221 @!@!@
@!@!@STARTMSG 2775:0 @!@!@
  |||line 147, col 13 to line 147, col 37 of module CRDT: 8:18
@!@!@ENDMSG 2775 @!@!@
@!@!@STARTMSG 2221:0 @!@!@
  ||||line 147, col 15 to line 147, col 18 of module CRDT: 6
@!@!@ENDMSG 2221 @!@!@
@!@!@STARTMSG 2221:0 @!@!@
  ||||line 147, col 28 to line 147, col 35 of module CRDT: 8
@!@!@ENDMSG 2221 @!@!@
@!@!@STARTMSG 2221:0 @!@!@
  |||line 361, col 21 to line 361, col 33 of module CRDT: 8
@!@!@ENDMSG 2221 @!@!@
@!@!@STARTMSG 2221:0 @!@!@
  ||line 361, col 46 to line 361, col 65 of module CRDT: 8
@!@!@ENDMSG 2221 @!@!@
@!@!@STARTMSG 2775:0 @!@!@
  |||line 147, col 13 to line 147, col 37 of module CRDT: 8:8
@!@!@ENDMSG 2775 @!@!@
@!@!@STARTMSG 2221:0 @!@!@
  ||||line 147, col 15 to line 147, col 18 of module CRDT: 6
@!@!@ENDMSG 2221 @!@!@
@!@!@STARTMSG 2221:0 @!@!@
  ||||line 147, col 28 to line 147, col 35 of module CRDT: 8
@!@!@ENDMSG 2221 @!@!@
@!@!@STARTMSG 2221:0 @!@!@
  |||line 361, col 52 to line 361, col 64 of module CRDT: 8
@!@!@ENDMSG 2221 @!@!@
@!@!@STARTMSG 2221:0 @!@!@
  |line 360, col 15 to line 360, col 21 of module CRDT: 5
@!@!@ENDMSG 2221 @!@!@
@!@!@STARTMSG 2774:0 @!@!@
<ModelConstSizeLogMove line 365, col 1 to line 365, col 21 of module CRDT>
@!@!@ENDMSG 2774 @!@!@
@!@!@STARTMSG 2221:0 @!@!@
  line 365, col 26 to line 367, col 47 of module CRDT: 3
@!@!@ENDMSG 2221 @!@!@
@!@!@STARTMSG 2221:0 @!@!@
  |line 366, col 15 to line 366, col 32 of module CRDT: 6
@!@!@ENDMSG 2221 @!@!@
@!@!@STARTMSG 2221:0 @!@!@
  |line 367, col 6 to line 367, col 47 of module CRDT: 6
@!@!@ENDMSG 2221 @!@!@
@!@!@STARTMSG 2221:0 @!@!@
  |line 365, col 38 to line 365, col 44 of module CRDT: 3
@!@!@ENDMSG 2221 @!@!@
@!@!@STARTMSG 2774:0 @!@!@
<ModelConstSizeTreeSet line 370, col 1 to line 370, col 21 of module CRDT>
@!@!@ENDMSG 2774 @!@!@
@!@!@STARTMSG 2221:0 @!@!@
  line 370, col 26 to line 372, col 47 of module CRDT: 3
@!@!@ENDMSG 2221 @!@!@
@!@!@STARTMSG 2221:0 @!@!@
  |line 371, col 15 to line 371, col 40 of module CRDT: 6
@!@!@ENDMSG 2221 @!@!@
@!@!@STARTMSG 2221:0 @!@!@
  |line 372, col 6 to line 372, col 47 of module CRDT: 6
@!@!@ENDMSG 2221 @!@!@
@!@!@STARTMSG 2221:0 @!@!@
  |line 370, col 38 to line 370, col 44 of module CRDT: 3
@!@!@ENDMSG 2221 @!@!@
@!@!@STARTMSG 2774:0 @!@!@
<ModelConstSizeQueue line 375, col 1 to line 375, col 19 of module CRDT>
@!@!@ENDMSG 2774 @!@!@
@!@!@STARTMSG 2221:0 @!@!@
  line 375, col 24 to line 377, col 53 of module CRDT: 3
@!@!@ENDMSG 2221 @!@!@
@!@!@STARTMSG 2221:0 @!@!@
  |line 376, col 15 to line 376, col 30 of module CRDT: 6
@!@!@ENDMSG 2221 @!@!@
@!@!@STARTMSG 2221:0 @!@!@
  |line 377, col 6 to line 377, col 53 of module CRDT: 6
@!@!@ENDMSG 2221 @!@!@
@!@!@STARTMSG 2221:0 @!@!@
  |line 375, col 36 to line 375, col 42 of module CRDT: 3
@!@!@ENDMSG 2221 @!@!@
@!@!@STARTMSG 2202:0 @!@!@
End of statistics.
@!@!@ENDMSG 2202 @!@!@
@!@!@STARTMSG 2200:0 @!@!@
Progress(3) at 2023-07-27 22:51:44: 4 states generated (33 s/min), 5 distinct states found (41 ds/min), 1 states left on queue.
@!@!@ENDMSG 2200 @!@!@
@!@!@STARTMSG 2199:0 @!@!@
4 states generated, 5 distinct states found, 1 states left on queue.
@!@!@ENDMSG 2199 @!@!@
@!@!@STARTMSG 2186:0 @!@!@
Finished in 7245ms at (2023-07-27 22:51:44)
@!@!@ENDMSG 2186 @!@!@
